<?xml version="1.0" encoding="UTF-8"?>
<!-- Generated by org.testng.reporters.JUnitXMLReporter -->
<testsuite ignored="0" hostname="DESKTOP-9R8HQ6A" failures="0" tests="5" name="Test" time="0.072" errors="0" timestamp="2020-07-27T00:54:49 IST">
  <testcase classname="SeleniumPractice.SeleniumTest" name="browserAutomation" time="0.005"/>
  <testcase classname="SeleniumPractice.SeleniumTest" name="elemenstUI" time="0.001"/>
  <testcase classname="SeleniumPractice.RESTAPITest" name="deleteTwitter" time="0.0"/>
  <testcase classname="SeleniumPractice.RESTAPITest" name="postJira" time="0.0"/>
  <testcase classname="SeleniumPractice.AppTest" name="shouldAnswerWithTrue" time="0.0"/>
</testsuite> <!-- Test -->
