<?xml version="1.0" encoding="UTF-8"?>
<!-- Generated by org.testng.reporters.JUnitXMLReporter -->
<testsuite hostname="DESKTOP-9R8HQ6A" ignored="0" name="Command line test" tests="7" failures="0" timestamp="2020-07-31T13:57:48 IST" time="0.15" errors="0">
  <testcase name="IOSApps" time="0.01" classname="SeleniumPractice.AppiumTest"/>
  <testcase name="NativeAPPAndroid" time="0.001" classname="SeleniumPractice.AppiumTest"/>
  <testcase name="shouldAnswerWithTrue" time="0.001" classname="SeleniumPractice.AppTest"/>
  <testcase name="deleteTwitter" time="0.001" classname="SeleniumPractice.RESTAPITest"/>
  <testcase name="postJira" time="0.0" classname="SeleniumPractice.RESTAPITest"/>
  <testcase name="browserAutomation" time="0.0" classname="SeleniumPractice.SeleniumTest"/>
  <testcase name="elemenstUI" time="0.001" classname="SeleniumPractice.SeleniumTest"/>
</testsuite> <!-- Command line test -->
