<?xml version="1.0" encoding="UTF-8"?>
<testng-results ignored="0" total="1" passed="1" failed="0" skipped="0">
  <reporter-output>
  </reporter-output>
  <suite started-at="2020-07-27T00:50:24 IST" name="Default suite" finished-at="2020-07-27T00:50:24 IST" duration-ms="120">
    <groups>
    </groups>
    <test started-at="2020-07-27T00:50:24 IST" name="Default test" finished-at="2020-07-27T00:50:24 IST" duration-ms="120">
      <class name="SeleniumPractice.AppTest">
        <test-method signature="shouldAnswerWithTrue()[pri:0, instance:SeleniumPractice.AppTest@a4102b8]" started-at="2020-07-27T00:50:24 IST" name="shouldAnswerWithTrue" finished-at="2020-07-27T00:50:24 IST" duration-ms="20" status="PASS">
          <reporter-output>
          </reporter-output>
        </test-method> <!-- shouldAnswerWithTrue -->
      </class> <!-- SeleniumPractice.AppTest -->
    </test> <!-- Default test -->
  </suite> <!-- Default suite -->
</testng-results>
